# JRE version: OpenJDK Runtime Environment (11.0.2+9) (build 11.0.2+9)
# Java VM: OpenJDK 64-Bit Server VM (11.0.2+9, mixed mode, tiered, compressed oops, g1 gc, windows-amd64)
Heap:
 garbage-first heap   total 630784K, used 35506K [0x0000000601400000, 0x0000000800000000)
  region size 2048K, 9 young (18432K), 9 survivors (18432K)
 Metaspace       used 28075K, capacity 28688K, committed 28928K, reserved 1075200K
  class space    used 2784K, capacity 3005K, committed 3072K, reserved 1048576K
GC Heap History (9 events):
Event: 0.518 GC heap before
{Heap before GC invocations=0 (full 0):
 garbage-first heap   total 524288K, used 22528K [0x0000000601400000, 0x0000000800000000)
  region size 2048K, 12 young (24576K), 0 survivors (0K)
 Metaspace       used 14022K, capacity 14213K, committed 14336K, reserved 1062912K
  class space    used 1372K, capacity 1446K, committed 1536K, reserved 1048576K
}
Event: 0.522 GC heap after
{Heap after GC invocations=1 (full 0):
 garbage-first heap   total 524288K, used 3934K [0x0000000601400000, 0x0000000800000000)
  region size 2048K, 2 young (4096K), 2 survivors (4096K)
 Metaspace       used 14022K, capacity 14213K, committed 14336K, reserved 1062912K
  class space    used 1372K, capacity 1446K, committed 1536K, reserved 1048576K
}
Event: 1.098 GC heap before
{Heap before GC invocations=1 (full 0):
 garbage-first heap   total 524288K, used 22366K [0x0000000601400000, 0x0000000800000000)
  region size 2048K, 12 young (24576K), 2 survivors (4096K)
 Metaspace       used 20921K, capacity 21237K, committed 21248K, reserved 1069056K
  class space    used 2154K, capacity 2294K, committed 2304K, reserved 1048576K
}
Event: 1.103 GC heap after
{Heap after GC invocations=2 (full 0):
 garbage-first heap   total 524288K, used 6363K [0x0000000601400000, 0x0000000800000000)
  region size 2048K, 4 young (8192K), 4 survivors (8192K)
 Metaspace       used 20921K, capacity 21237K, committed 21248K, reserved 1069056K
  class space    used 2154K, capacity 2294K, committed 2304K, reserved 1048576K
}
Event: 2.558 GC heap before
{Heap before GC invocations=3 (full 0):
 garbage-first heap   total 524288K, used 67803K [0x0000000601400000, 0x0000000800000000)
  region size 2048K, 34 young (69632K), 4 survivors (8192K)
 Metaspace       used 24203K, capacity 24628K, committed 24960K, reserved 1071104K
  class space    used 2448K, capacity 2604K, committed 2688K, reserved 1048576K
}
Event: 2.567 GC heap after
{Heap after GC invocations=4 (full 0):
 garbage-first heap   total 524288K, used 8829K [0x0000000601400000, 0x0000000800000000)
  region size 2048K, 3 young (6144K), 3 survivors (6144K)
 Metaspace       used 24203K, capacity 24628K, committed 24960K, reserved 1071104K
  class space    used 2448K, capacity 2604K, committed 2688K, reserved 1048576K
}
Event: 3.788 GC heap before
{Heap before GC invocations=4 (full 0):
 garbage-first heap   total 524288K, used 316029K [0x0000000601400000, 0x0000000800000000)
  region size 2048K, 153 young (313344K), 3 survivors (6144K)
 Metaspace       used 24589K, capacity 25106K, committed 25216K, reserved 1071104K
  class space    used 2469K, capacity 2641K, committed 2688K, reserved 1048576K
}
Event: 3.797 GC heap after
{Heap after GC invocations=5 (full 0):
 garbage-first heap   total 524288K, used 17133K [0x0000000601400000, 0x0000000800000000)
  region size 2048K, 7 young (14336K), 7 survivors (14336K)
 Metaspace       used 24589K, capacity 25106K, committed 25216K, reserved 1071104K
  class space    used 2469K, capacity 2641K, committed 2688K, reserved 1048576K
}
Event: 4.930 GC heap before
{Heap before GC invocations=5 (full 0):
 garbage-first heap   total 524288K, used 336621K [0x0000000601400000, 0x0000000800000000)
  region size 2048K, 153 young (313344K), 7 survivors (14336K)
 Metaspace       used 28075K, capacity 28688K, committed 28928K, reserved 1075200K
  class space    used 2784K, capacity 3005K, committed 3072K, reserved 1048576K
}

